{"C:\\Users\\artur\\TS\\utils\\utils-ts-js-lib\\commitlint.config.cjs": {"path":"C:\\Users\\artur\\TS\\utils\\utils-ts-js-lib\\commitlint.config.cjs","all":true,"statementMap":{"0":{"start":{"line":1,"column":0},"end":{"line":1,"column":63}}},"s":{"0":0},"branchMap":{"0":{"type":"branch","line":1,"loc":{"start":{"line":1,"column":0},"end":{"line":1,"column":63}},"locations":[{"start":{"line":1,"column":0},"end":{"line":1,"column":63}}]}},"b":{"0":[0]},"fnMap":{"0":{"name":"(empty-report)","decl":{"start":{"line":1,"column":0},"end":{"line":1,"column":63}},"loc":{"start":{"line":1,"column":0},"end":{"line":1,"column":63}},"line":1}},"f":{"0":0}}
,"C:\\Users\\artur\\TS\\utils\\utils-ts-js-lib\\src\\index.ts": {"path":"C:\\Users\\artur\\TS\\utils\\utils-ts-js-lib\\src\\index.ts","all":true,"statementMap":{"0":{"start":{"line":1,"column":0},"end":{"line":1,"column":27}},"1":{"start":{"line":2,"column":0},"end":{"line":2,"column":37}}},"s":{"0":0,"1":0},"branchMap":{"0":{"type":"branch","line":1,"loc":{"start":{"line":1,"column":0},"end":{"line":2,"column":37}},"locations":[{"start":{"line":1,"column":0},"end":{"line":2,"column":37}}]}},"b":{"0":[0]},"fnMap":{"0":{"name":"(empty-report)","decl":{"start":{"line":1,"column":0},"end":{"line":2,"column":37}},"loc":{"start":{"line":1,"column":0},"end":{"line":2,"column":37}},"line":1}},"f":{"0":0}}
,"C:\\Users\\artur\\TS\\utils\\utils-ts-js-lib\\src\\arry\\arry.ts": {"path":"C:\\Users\\artur\\TS\\utils\\utils-ts-js-lib\\src\\arry\\arry.ts","all":false,"statementMap":{"0":{"start":{"line":1,"column":0},"end":{"line":1,"column":74}},"1":{"start":{"line":2,"column":0},"end":{"line":2,"column":35}},"2":{"start":{"line":3,"column":0},"end":{"line":3,"column":16}},"3":{"start":{"line":4,"column":0},"end":{"line":4,"column":3}},"4":{"start":{"line":5,"column":0},"end":{"line":5,"column":31}},"5":{"start":{"line":6,"column":0},"end":{"line":6,"column":16}},"6":{"start":{"line":7,"column":0},"end":{"line":7,"column":3}},"7":{"start":{"line":8,"column":0},"end":{"line":8,"column":59}},"8":{"start":{"line":9,"column":0},"end":{"line":9,"column":1}},"9":{"start":{"line":10,"column":0},"end":{"line":10,"column":61}},"10":{"start":{"line":11,"column":0},"end":{"line":11,"column":31}},"11":{"start":{"line":12,"column":0},"end":{"line":12,"column":32}},"12":{"start":{"line":13,"column":0},"end":{"line":13,"column":29}},"13":{"start":{"line":14,"column":0},"end":{"line":14,"column":10}},"14":{"start":{"line":15,"column":0},"end":{"line":15,"column":19}},"15":{"start":{"line":16,"column":0},"end":{"line":16,"column":3}},"16":{"start":{"line":17,"column":0},"end":{"line":17,"column":19}},"17":{"start":{"line":18,"column":0},"end":{"line":18,"column":1}},"18":{"start":{"line":19,"column":0},"end":{"line":19,"column":69}},"19":{"start":{"line":20,"column":0},"end":{"line":20,"column":31}},"20":{"start":{"line":21,"column":0},"end":{"line":21,"column":63}},"21":{"start":{"line":22,"column":0},"end":{"line":22,"column":40}},"22":{"start":{"line":23,"column":0},"end":{"line":23,"column":23}},"23":{"start":{"line":24,"column":0},"end":{"line":24,"column":57}},"24":{"start":{"line":25,"column":0},"end":{"line":25,"column":12}},"25":{"start":{"line":26,"column":0},"end":{"line":26,"column":32}},"26":{"start":{"line":27,"column":0},"end":{"line":27,"column":5}},"27":{"start":{"line":28,"column":0},"end":{"line":28,"column":21}},"28":{"start":{"line":29,"column":0},"end":{"line":29,"column":10}},"29":{"start":{"line":30,"column":0},"end":{"line":30,"column":28}},"30":{"start":{"line":31,"column":0},"end":{"line":31,"column":3}},"31":{"start":{"line":32,"column":0},"end":{"line":32,"column":1}},"32":{"start":{"line":33,"column":0},"end":{"line":33,"column":66}},"33":{"start":{"line":34,"column":0},"end":{"line":34,"column":59}},"34":{"start":{"line":35,"column":0},"end":{"line":35,"column":44}},"35":{"start":{"line":36,"column":0},"end":{"line":36,"column":29}},"36":{"start":{"line":37,"column":0},"end":{"line":37,"column":19}},"37":{"start":{"line":38,"column":0},"end":{"line":38,"column":7}},"38":{"start":{"line":39,"column":0},"end":{"line":39,"column":5}},"39":{"start":{"line":40,"column":0},"end":{"line":40,"column":16}},"40":{"start":{"line":41,"column":0},"end":{"line":41,"column":10}},"41":{"start":{"line":42,"column":0},"end":{"line":42,"column":16}},"42":{"start":{"line":43,"column":0},"end":{"line":43,"column":3}},"43":{"start":{"line":44,"column":0},"end":{"line":44,"column":1}}},"s":{"0":1,"1":12,"2":1,"3":1,"4":12,"5":3,"6":3,"7":8,"8":8,"9":1,"10":2,"11":2,"12":2,"13":2,"14":0,"15":0,"16":2,"17":2,"18":1,"19":2,"20":2,"21":1,"22":1,"23":1,"24":1,"25":0,"26":0,"27":1,"28":1,"29":1,"30":1,"31":2,"32":1,"33":3,"34":1,"35":1,"36":1,"37":1,"38":1,"39":0,"40":3,"41":2,"42":2,"43":3},"branchMap":{"0":{"type":"branch","line":1,"loc":{"start":{"line":1,"column":7},"end":{"line":9,"column":1}},"locations":[{"start":{"line":1,"column":7},"end":{"line":9,"column":1}}]},"1":{"type":"branch","line":2,"loc":{"start":{"line":2,"column":34},"end":{"line":4,"column":3}},"locations":[{"start":{"line":2,"column":34},"end":{"line":4,"column":3}}]},"2":{"type":"branch","line":4,"loc":{"start":{"line":4,"column":2},"end":{"line":5,"column":30}},"locations":[{"start":{"line":4,"column":2},"end":{"line":5,"column":30}}]},"3":{"type":"branch","line":5,"loc":{"start":{"line":5,"column":30},"end":{"line":9,"column":1}},"locations":[{"start":{"line":5,"column":30},"end":{"line":9,"column":1}}]},"4":{"type":"branch","line":5,"loc":{"start":{"line":5,"column":30},"end":{"line":7,"column":3}},"locations":[{"start":{"line":5,"column":30},"end":{"line":7,"column":3}}]},"5":{"type":"branch","line":7,"loc":{"start":{"line":7,"column":2},"end":{"line":9,"column":1}},"locations":[{"start":{"line":7,"column":2},"end":{"line":9,"column":1}}]},"6":{"type":"branch","line":8,"loc":{"start":{"line":8,"column":22},"end":{"line":8,"column":58}},"locations":[{"start":{"line":8,"column":22},"end":{"line":8,"column":58}}]},"7":{"type":"branch","line":10,"loc":{"start":{"line":10,"column":7},"end":{"line":18,"column":1}},"locations":[{"start":{"line":10,"column":7},"end":{"line":18,"column":1}}]},"8":{"type":"branch","line":14,"loc":{"start":{"line":14,"column":2},"end":{"line":16,"column":3}},"locations":[{"start":{"line":14,"column":2},"end":{"line":16,"column":3}}]},"9":{"type":"branch","line":19,"loc":{"start":{"line":19,"column":7},"end":{"line":32,"column":1}},"locations":[{"start":{"line":19,"column":7},"end":{"line":32,"column":1}}]},"10":{"type":"branch","line":21,"loc":{"start":{"line":21,"column":28},"end":{"line":21,"column":62}},"locations":[{"start":{"line":21,"column":28},"end":{"line":21,"column":62}}]},"11":{"type":"branch","line":21,"loc":{"start":{"line":21,"column":62},"end":{"line":31,"column":3}},"locations":[{"start":{"line":21,"column":62},"end":{"line":31,"column":3}}]},"12":{"type":"branch","line":25,"loc":{"start":{"line":25,"column":4},"end":{"line":27,"column":5}},"locations":[{"start":{"line":25,"column":4},"end":{"line":27,"column":5}}]},"13":{"type":"branch","line":24,"loc":{"start":{"line":24,"column":32},"end":{"line":24,"column":56}},"locations":[{"start":{"line":24,"column":32},"end":{"line":24,"column":56}}]},"14":{"type":"branch","line":33,"loc":{"start":{"line":33,"column":7},"end":{"line":44,"column":1}},"locations":[{"start":{"line":33,"column":7},"end":{"line":44,"column":1}}]},"15":{"type":"branch","line":34,"loc":{"start":{"line":34,"column":28},"end":{"line":34,"column":58}},"locations":[{"start":{"line":34,"column":28},"end":{"line":34,"column":58}}]},"16":{"type":"branch","line":34,"loc":{"start":{"line":34,"column":58},"end":{"line":41,"column":9}},"locations":[{"start":{"line":34,"column":58},"end":{"line":41,"column":9}}]},"17":{"type":"branch","line":39,"loc":{"start":{"line":39,"column":4},"end":{"line":41,"column":9}},"locations":[{"start":{"line":39,"column":4},"end":{"line":41,"column":9}}]},"18":{"type":"branch","line":41,"loc":{"start":{"line":41,"column":2},"end":{"line":43,"column":3}},"locations":[{"start":{"line":41,"column":2},"end":{"line":43,"column":3}}]}},"b":{"0":[12],"1":[1],"2":[11],"3":[9],"4":[3],"5":[8],"6":[13],"7":[2],"8":[0],"9":[2],"10":[1],"11":[1],"12":[0],"13":[2],"14":[3],"15":[2],"16":[1],"17":[0],"18":[2]},"fnMap":{"0":{"name":"isArrayOfStrings","decl":{"start":{"line":1,"column":7},"end":{"line":9,"column":1}},"loc":{"start":{"line":1,"column":7},"end":{"line":9,"column":1}},"line":1},"1":{"name":"orderbyLongitude","decl":{"start":{"line":10,"column":7},"end":{"line":18,"column":1}},"loc":{"start":{"line":10,"column":7},"end":{"line":18,"column":1}},"line":10},"2":{"name":"takeOut","decl":{"start":{"line":19,"column":7},"end":{"line":32,"column":1}},"loc":{"start":{"line":19,"column":7},"end":{"line":32,"column":1}},"line":19},"3":{"name":"getParams","decl":{"start":{"line":33,"column":7},"end":{"line":44,"column":1}},"loc":{"start":{"line":33,"column":7},"end":{"line":44,"column":1}},"line":33}},"f":{"0":12,"1":2,"2":2,"3":3}}
,"C:\\Users\\artur\\TS\\utils\\utils-ts-js-lib\\src\\string\\capitarLater.ts": {"path":"C:\\Users\\artur\\TS\\utils\\utils-ts-js-lib\\src\\string\\capitarLater.ts","all":false,"statementMap":{"0":{"start":{"line":1,"column":0},"end":{"line":1,"column":52}},"1":{"start":{"line":2,"column":0},"end":{"line":2,"column":33}},"2":{"start":{"line":3,"column":0},"end":{"line":3,"column":42}},"3":{"start":{"line":4,"column":0},"end":{"line":4,"column":25}},"4":{"start":{"line":5,"column":0},"end":{"line":5,"column":29}},"5":{"start":{"line":6,"column":0},"end":{"line":6,"column":71}},"6":{"start":{"line":7,"column":0},"end":{"line":7,"column":8}},"7":{"start":{"line":8,"column":0},"end":{"line":8,"column":16}},"8":{"start":{"line":9,"column":0},"end":{"line":9,"column":10}},"9":{"start":{"line":10,"column":0},"end":{"line":10,"column":13}},"10":{"start":{"line":11,"column":0},"end":{"line":11,"column":3}},"11":{"start":{"line":12,"column":0},"end":{"line":12,"column":1}}},"s":{"0":1,"1":2,"2":1,"3":1,"4":1,"5":2,"6":1,"7":1,"8":1,"9":1,"10":1,"11":2},"branchMap":{"0":{"type":"branch","line":1,"loc":{"start":{"line":1,"column":7},"end":{"line":12,"column":1}},"locations":[{"start":{"line":1,"column":7},"end":{"line":12,"column":1}}]},"1":{"type":"branch","line":2,"loc":{"start":{"line":2,"column":32},"end":{"line":11,"column":3}},"locations":[{"start":{"line":2,"column":32},"end":{"line":11,"column":3}}]},"2":{"type":"branch","line":5,"loc":{"start":{"line":5,"column":11},"end":{"line":7,"column":7}},"locations":[{"start":{"line":5,"column":11},"end":{"line":7,"column":7}}]}},"b":{"0":[2],"1":[1],"2":[2]},"fnMap":{"0":{"name":"capitalLater","decl":{"start":{"line":1,"column":7},"end":{"line":12,"column":1}},"loc":{"start":{"line":1,"column":7},"end":{"line":12,"column":1}},"line":1}},"f":{"0":2}}
}
