{"/home/gonzalo/LevelUp/utils-ts-js-lib/commitlint.config.cjs": {"path":"/home/gonzalo/LevelUp/utils-ts-js-lib/commitlint.config.cjs","all":true,"statementMap":{"0":{"start":{"line":1,"column":0},"end":{"line":1,"column":63}}},"s":{"0":0},"branchMap":{"0":{"type":"branch","line":1,"loc":{"start":{"line":1,"column":0},"end":{"line":1,"column":63}},"locations":[{"start":{"line":1,"column":0},"end":{"line":1,"column":63}}]}},"b":{"0":[0]},"fnMap":{"0":{"name":"(empty-report)","decl":{"start":{"line":1,"column":0},"end":{"line":1,"column":63}},"loc":{"start":{"line":1,"column":0},"end":{"line":1,"column":63}},"line":1}},"f":{"0":0}}
}
